<?xml version="1.0" encoding="UTF-8"?>
<module>

   <!-- Inherit the JUnit support -->
   <inherits name='com.google.gwt.junit.JUnit'/>
	<source path="client"/>
</module>
